  Cancion.cpp
C:\Users\HP\Desktop\programacion\cesar\SIS457\PRACTICAS TEORIA\LISTA_CANCIONES\LISTA_CANCIONES\Cancion.cpp(43,23): warning C4244: 'inicializando': conversión de 'int' a 'float'; posible pérdida de datos
  Playlist.cpp
C:\Users\HP\Desktop\programacion\cesar\SIS457\PRACTICAS TEORIA\LISTA_CANCIONES\LISTA_CANCIONES\Playlist.cpp(14,22): error C2676: '==' binario: '_Ty' no define este operador o una conversión a un tipo aceptable para el operador predefinido
          with
          [
              _Ty=cancion
          ]
C:\Program Files\Microsoft Visual Studio\2022\Professional\VC\Tools\MSVC\14.34.31933\include\memory(3523,17): message : puede ser 'bool std::operator ==(std::nullptr_t,const std::unique_ptr<_Ty,_Dx> &) noexcept'
C:\Users\HP\Desktop\programacion\cesar\SIS457\PRACTICAS TEORIA\LISTA_CANCIONES\LISTA_CANCIONES\Playlist.cpp(14,20): message : "bool std::operator ==(std::nullptr_t,const std::unique_ptr<_Ty,_Dx> &) noexcept": no se pudo deducir el argumento plantilla para "const std::unique_ptr<_Ty,_Dx> &" de "cancion"
C:\Program Files\Microsoft Visual Studio\2022\Professional\VC\Tools\MSVC\14.34.31933\include\memory(3517,30): message : o       'bool std::operator ==(const std::unique_ptr<_Ty,_Dx> &,std::nullptr_t) noexcept'
C:\Users\HP\Desktop\programacion\cesar\SIS457\PRACTICAS TEORIA\LISTA_CANCIONES\LISTA_CANCIONES\Playlist.cpp(14,20): message : "bool std::operator ==(const std::unique_ptr<_Ty,_Dx> &,std::nullptr_t) noexcept": no se pudo deducir el argumento plantilla para "const std::unique_ptr<_Ty,_Dx> &" de "_Ty"
          with
          [
              _Ty=cancion
          ]
C:\Program Files\Microsoft Visual Studio\2022\Professional\VC\Tools\MSVC\14.34.31933\include\memory(3469,30): message : o       'bool std::operator ==(const std::unique_ptr<_Ty,_Dx> &,const std::unique_ptr<_Ty2,_Dx2> &)'
C:\Users\HP\Desktop\programacion\cesar\SIS457\PRACTICAS TEORIA\LISTA_CANCIONES\LISTA_CANCIONES\Playlist.cpp(14,20): message : "bool std::operator ==(const std::unique_ptr<_Ty,_Dx> &,const std::unique_ptr<_Ty2,_Dx2> &)": no se pudo deducir el argumento plantilla para "const std::unique_ptr<_Ty,_Dx> &" de "_Ty"
          with
          [
              _Ty=cancion
          ]
C:\Program Files\Microsoft Visual Studio\2022\Professional\VC\Tools\MSVC\14.34.31933\include\memory(1859,17): message : o       'bool std::operator ==(std::nullptr_t,const std::shared_ptr<_Ty> &) noexcept'
C:\Users\HP\Desktop\programacion\cesar\SIS457\PRACTICAS TEORIA\LISTA_CANCIONES\LISTA_CANCIONES\Playlist.cpp(14,20): message : "bool std::operator ==(std::nullptr_t,const std::shared_ptr<_Ty> &) noexcept": no se pudo deducir el argumento plantilla para "const std::shared_ptr<_Ty> &" de "cancion"
C:\Program Files\Microsoft Visual Studio\2022\Professional\VC\Tools\MSVC\14.34.31933\include\memory(1848,17): message : o       'bool std::operator ==(const std::shared_ptr<_Ty> &,std::nullptr_t) noexcept'
C:\Users\HP\Desktop\programacion\cesar\SIS457\PRACTICAS TEORIA\LISTA_CANCIONES\LISTA_CANCIONES\Playlist.cpp(14,20): message : "bool std::operator ==(const std::shared_ptr<_Ty> &,std::nullptr_t) noexcept": no se pudo deducir el argumento plantilla para "const std::shared_ptr<_Ty> &" de "_Ty"
          with
          [
              _Ty=cancion
          ]
C:\Program Files\Microsoft Visual Studio\2022\Professional\VC\Tools\MSVC\14.34.31933\include\memory(1811,17): message : o       'bool std::operator ==(const std::shared_ptr<_Ty> &,const std::shared_ptr<_Ty0> &) noexcept'
C:\Users\HP\Desktop\programacion\cesar\SIS457\PRACTICAS TEORIA\LISTA_CANCIONES\LISTA_CANCIONES\Playlist.cpp(14,20): message : "bool std::operator ==(const std::shared_ptr<_Ty> &,const std::shared_ptr<_Ty0> &) noexcept": no se pudo deducir el argumento plantilla para "const std::shared_ptr<_Ty> &" de "_Ty"
          with
          [
              _Ty=cancion
          ]
C:\Program Files\Microsoft Visual Studio\2022\Professional\VC\Tools\MSVC\14.34.31933\include\iterator(474,17): message : o       'bool std::operator ==(const std::istreambuf_iterator<_Elem,_Traits> &,const std::istreambuf_iterator<_Elem,_Traits> &)'
C:\Users\HP\Desktop\programacion\cesar\SIS457\PRACTICAS TEORIA\LISTA_CANCIONES\LISTA_CANCIONES\Playlist.cpp(14,20): message : "bool std::operator ==(const std::istreambuf_iterator<_Elem,_Traits> &,const std::istreambuf_iterator<_Elem,_Traits> &)": no se pudo deducir el argumento plantilla para "const std::istreambuf_iterator<_Elem,_Traits> &" de "_Ty"
          with
          [
              _Ty=cancion
          ]
C:\Program Files\Microsoft Visual Studio\2022\Professional\VC\Tools\MSVC\14.34.31933\include\iterator(292,17): message : o       'bool std::operator ==(const std::istream_iterator<_Ty,_Elem,_Traits,_Diff> &,const std::istream_iterator<_Ty,_Elem,_Traits,_Diff> &) noexcept'
C:\Users\HP\Desktop\programacion\cesar\SIS457\PRACTICAS TEORIA\LISTA_CANCIONES\LISTA_CANCIONES\Playlist.cpp(14,20): message : "bool std::operator ==(const std::istream_iterator<_Ty,_Elem,_Traits,_Diff> &,const std::istream_iterator<_Ty,_Elem,_Traits,_Diff> &) noexcept": no se pudo deducir el argumento plantilla para "const std::istream_iterator<_Ty,_Elem,_Traits,_Diff> &" de "_Ty"
          with
          [
              _Ty=cancion
          ]
C:\Program Files\Microsoft Visual Studio\2022\Professional\VC\Tools\MSVC\14.34.31933\include\vector(2284,30): message : o       'bool std::operator ==(const std::vector<_Ty,_Alloc> &,const std::vector<_Ty,_Alloc> &)'
C:\Users\HP\Desktop\programacion\cesar\SIS457\PRACTICAS TEORIA\LISTA_CANCIONES\LISTA_CANCIONES\Playlist.cpp(14,20): message : "bool std::operator ==(const std::vector<_Ty,_Alloc> &,const std::vector<_Ty,_Alloc> &)": no se pudo deducir el argumento plantilla para "const std::vector<_Ty,_Alloc> &" de "_Ty"
          with
          [
              _Ty=cancion
          ]
C:\Program Files\Microsoft Visual Studio\2022\Professional\VC\Tools\MSVC\14.34.31933\include\xstring(5209,17): message : o       'bool std::operator ==(const _Elem *const ,const std::basic_string<_Elem,_Traits,_Alloc> &)'
C:\Users\HP\Desktop\programacion\cesar\SIS457\PRACTICAS TEORIA\LISTA_CANCIONES\LISTA_CANCIONES\Playlist.cpp(14,20): message : "bool std::operator ==(const _Elem *const ,const std::basic_string<_Elem,_Traits,_Alloc> &)": no se pudo deducir el argumento plantilla para "const _Elem *const " de "_Ty"
          with
          [
              _Ty=cancion
          ]
C:\Program Files\Microsoft Visual Studio\2022\Professional\VC\Tools\MSVC\14.34.31933\include\xstring(5190,30): message : o       'bool std::operator ==(const std::basic_string<_Elem,_Traits,_Alloc> &,const _Elem *const )'
C:\Users\HP\Desktop\programacion\cesar\SIS457\PRACTICAS TEORIA\LISTA_CANCIONES\LISTA_CANCIONES\Playlist.cpp(14,20): message : "bool std::operator ==(const std::basic_string<_Elem,_Traits,_Alloc> &,const _Elem *const )": no se pudo deducir el argumento plantilla para "const std::basic_string<_Elem,_Traits,_Alloc> &" de "_Ty"
          with
          [
              _Ty=cancion
          ]
C:\Program Files\Microsoft Visual Studio\2022\Professional\VC\Tools\MSVC\14.34.31933\include\xstring(5184,30): message : o       'bool std::operator ==(const std::basic_string<_Elem,_Traits,_Alloc> &,const std::basic_string<_Elem,_Traits,_Alloc> &) noexcept'
C:\Users\HP\Desktop\programacion\cesar\SIS457\PRACTICAS TEORIA\LISTA_CANCIONES\LISTA_CANCIONES\Playlist.cpp(14,20): message : "bool std::operator ==(const std::basic_string<_Elem,_Traits,_Alloc> &,const std::basic_string<_Elem,_Traits,_Alloc> &) noexcept": no se pudo deducir el argumento plantilla para "const std::basic_string<_Elem,_Traits,_Alloc> &" de "_Ty"
          with
          [
              _Ty=cancion
          ]
C:\Program Files\Microsoft Visual Studio\2022\Professional\VC\Tools\MSVC\14.34.31933\include\xmemory(895,30): message : o       'bool std::operator ==(const std::allocator<_Ty> &,const std::allocator<_Other> &) noexcept'
C:\Users\HP\Desktop\programacion\cesar\SIS457\PRACTICAS TEORIA\LISTA_CANCIONES\LISTA_CANCIONES\Playlist.cpp(14,20): message : "bool std::operator ==(const std::allocator<_Ty> &,const std::allocator<_Other> &) noexcept": no se pudo deducir el argumento plantilla para "const std::allocator<_Ty> &" de "_Ty"
          with
          [
              _Ty=cancion
          ]
C:\Program Files\Microsoft Visual Studio\2022\Professional\VC\Tools\MSVC\14.34.31933\include\xutility(3578,5): message : o       'bool std::operator ==(const std::move_iterator<_Iter> &,const std::move_iterator<_Iter2> &) noexcept(<expr>)'
C:\Users\HP\Desktop\programacion\cesar\SIS457\PRACTICAS TEORIA\LISTA_CANCIONES\LISTA_CANCIONES\Playlist.cpp(14,20): message : "bool std::operator ==(const std::move_iterator<_Iter> &,const std::move_iterator<_Iter2> &) noexcept(<expr>)": no se pudo deducir el argumento plantilla para "const std::move_iterator<_Iter> &" de "_Ty"
          with
          [
              _Ty=cancion
          ]
C:\Program Files\Microsoft Visual Studio\2022\Professional\VC\Tools\MSVC\14.34.31933\include\xutility(1396,5): message : o       'bool std::operator ==(const std::reverse_iterator<_BidIt> &,const std::reverse_iterator<_BidIt2> &) noexcept(<expr>)'
C:\Users\HP\Desktop\programacion\cesar\SIS457\PRACTICAS TEORIA\LISTA_CANCIONES\LISTA_CANCIONES\Playlist.cpp(14,20): message : "bool std::operator ==(const std::reverse_iterator<_BidIt> &,const std::reverse_iterator<_BidIt2> &) noexcept(<expr>)": no se pudo deducir el argumento plantilla para "const std::reverse_iterator<_BidIt> &" de "_Ty"
          with
          [
              _Ty=cancion
          ]
C:\Program Files\Microsoft Visual Studio\2022\Professional\VC\Tools\MSVC\14.34.31933\include\utility(365,27): message : o       'bool std::operator ==(const std::pair<_Ty1,_Ty2> &,const std::pair<_Ty1,_Ty2> &)'
C:\Users\HP\Desktop\programacion\cesar\SIS457\PRACTICAS TEORIA\LISTA_CANCIONES\LISTA_CANCIONES\Playlist.cpp(14,20): message : "bool std::operator ==(const std::pair<_Ty1,_Ty2> &,const std::pair<_Ty1,_Ty2> &)": no se pudo deducir el argumento plantilla para "const std::pair<_Ty1,_Ty2> &" de "_Ty"
          with
          [
              _Ty=cancion
          ]
  Principal.cpp
  Generando código...
